Log file open, 05/18/17 21:18:19
LogInit:Display: Running engine for game: TakeHomeExam
LogPlatformFile: Not using cached read wrapper
LogInit:Display: RandInit(-949915923) SRandInit(-949915923).
LogTaskGraph: Started task graph with 5 named threads and 8 total threads with 1 sets of task threads.
LogStats: Stats thread started at 0.085379
LogInit: Using libcurl 7.47.1
LogInit:  - built for x86_64-pc-win32
LogInit:  - supports SSL with OpenSSL/1.0.2g
LogInit:  - supports HTTP deflate (compression) using libz 1.2.8
LogInit:  - other features:
LogInit:      CURL_VERSION_SSL
LogInit:      CURL_VERSION_LIBZ
LogInit:      CURL_VERSION_IPV6
LogInit:      CURL_VERSION_ASYNCHDNS
LogInit:      CURL_VERSION_LARGEFILE
LogInit:      CURL_VERSION_IDN
LogInit:  CurlRequestOptions (configurable via config and command line):
LogInit:  - bVerifyPeer = false  - Libcurl will NOT verify peer certificate
LogInit:  - bUseHttpProxy = false  - Libcurl will NOT use HTTP proxy
LogInit:  - bDontReuseConnections = false  - Libcurl will reuse connections
LogInit:  - CertBundlePath = nullptr  - Libcurl will use whatever was configured at build time.
LogInit: Build: ++UE4+Release-4.15-CL-3299760
LogInit: Engine Version: 4.15.0-3299760+++UE4+Release-4.15
LogInit: Compatible Engine Version: 4.15.0-3299760+++UE4+Release-4.15
LogInit: Net CL: 3299760
LogDevObjectVersion: Number of dev versions registered: 14
LogDevObjectVersion:   Dev-Blueprints (B0D832E4-1F89-4F0D-ACCF-7EB736FD4AA2): 8
LogDevObjectVersion:   Dev-Build (E1C64328-A22C-4D53-A36C-8E866417BD8C): 0
LogDevObjectVersion:   Dev-Core (375EC13C-06E4-48FB-B500-84F0262A717E): 2
LogDevObjectVersion:   Dev-Editor (E4B068ED-F494-42E9-A231-DA0B2E46BB41): 14
LogDevObjectVersion:   Dev-Framework (CFFC743F-43B0-4480-9391-14DF171D2073): 22
LogDevObjectVersion:   Dev-Mobile (B02B49B5-BB20-44E9-A304-32B752E40360): 0
LogDevObjectVersion:   Dev-Networking (A4E4105C-59A1-49B5-A7C5-40C4547EDFEE): 0
LogDevObjectVersion:   Dev-Online (39C831C9-5AE6-47DC-9A44-9C173E1C8E7C): 0
LogDevObjectVersion:   Dev-Physics (78F01B33-EBEA-4F98-B9B4-84EACCB95AA2): 0
LogDevObjectVersion:   Dev-Platform (6631380F-2D4D-43E0-8009-CF276956A95A): 0
LogDevObjectVersion:   Dev-Rendering (12F88B9F-8875-4AFC-A67C-D90C383ABD29): 12
LogDevObjectVersion:   Dev-Sequencer (7B5AE74C-D270-4C10-A958-57980B212A5A): 3
LogDevObjectVersion:   Dev-VR (D7296918-1DD6-4BDD-9DE2-64A83CC13884): 0
LogDevObjectVersion:   Dev-LoadTimes (C2A15278-BFE7-4AFE-6C17-90FF531DF755): 1
LogInit: Compiled (64-bit): Feb 14 2017 02:04:14
LogInit: Compiled with Visual C++: 19.00.23026.00
LogInit: Build Configuration: Development
LogInit: Branch Name: ++UE4+Release-4.15
LogInit: Command line: -EpicPortal 
LogInit: Base directory: C:/Program Files/Epic Games/UE_4.15/Engine/Binaries/Win64/
LogInit: Installed Engine Build: 1
LogInit: Presizing for max 8388607 objects, including 0 objects not considered by GC, pre-allocating 0 bytes for permanent pool.
LogInit: Object subsystem initialized
[2017.05.18-12.18.20:758][  0]LogInit: Selected Device Profile: [Windows]
[2017.05.18-12.18.20:758][  0]LogInit: Applying CVar settings loaded from the selected device profile: [Windows]
[2017.05.18-12.18.20:765][  0]LogInit: Computer: DESKTOP-64OHN5C
[2017.05.18-12.18.20:765][  0]LogInit: User: User
[2017.05.18-12.18.20:765][  0]LogInit: CPU Page size=65536, Cores=4
[2017.05.18-12.18.20:765][  0]LogInit: High frequency timer resolution =3.117192 MHz
[2017.05.18-12.18.20:765][  0]LogMemory: Memory total: Physical=15.9GB (16GB approx)
[2017.05.18-12.18.20:765][  0]LogMemory: Platform Memory Stats for Windows
[2017.05.18-12.18.20:765][  0]LogMemory: Process Physical Memory: 263.65 MB used, 263.65 MB peak
[2017.05.18-12.18.20:765][  0]LogMemory: Process Virtual Memory: 262.29 MB used, 262.29 MB peak
[2017.05.18-12.18.20:765][  0]LogMemory: Physical Memory: 5444.87 MB used,  10874.66 MB free, 16319.53 MB total
[2017.05.18-12.18.20:765][  0]LogMemory: Virtual Memory: 643.68 MB used,  10874.66 MB free, 134217728.00 MB total
[2017.05.18-12.18.20:901][  0]LogInit: Overriding culture en with editor configuration.
[2017.05.18-12.18.21:718][  0]LogD3D11RHI: D3D11 adapters:
[2017.05.18-12.18.21:752][  0]LogD3D11RHI:    0. 'NVIDIA GeForce GTX 1060 3GB' (Feature Level 11_0)
[2017.05.18-12.18.21:752][  0]LogD3D11RHI:       3035/0/8159 MB DedicatedVideo/DedicatedSystem/SharedSystem, Outputs:2, VendorId:0x10de
[2017.05.18-12.18.21:754][  0]LogD3D11RHI:    1. 'Microsoft Basic Render Driver' (Feature Level 11_0)
[2017.05.18-12.18.21:754][  0]LogD3D11RHI:       0/0/8159 MB DedicatedVideo/DedicatedSystem/SharedSystem, Outputs:0, VendorId:0x1414
[2017.05.18-12.18.21:754][  0]LogD3D11RHI: Chosen D3D11 Adapter: 0
[2017.05.18-12.18.21:757][  0]LogD3D11RHI: Creating new Direct3DDevice
[2017.05.18-12.18.21:757][  0]LogD3D11RHI:     GPU DeviceId: 0x1c02 (for the marketing name, search the web for "GPU Device Id")
[2017.05.18-12.18.21:757][  0]LogWindows: EnumDisplayDevices:
[2017.05.18-12.18.21:757][  0]LogWindows:    0. 'NVIDIA GeForce GTX 1060 3GB' (P:1 D:1)
[2017.05.18-12.18.21:758][  0]LogWindows:    1. 'NVIDIA GeForce GTX 1060 3GB' (P:0 D:1)
[2017.05.18-12.18.21:758][  0]LogWindows:    2. 'NVIDIA GeForce GTX 1060 3GB' (P:0 D:0)
[2017.05.18-12.18.21:758][  0]LogWindows:    3. 'NVIDIA GeForce GTX 1060 3GB' (P:0 D:0)
[2017.05.18-12.18.21:759][  0]LogWindows: DebugString: FoundDriverCount:4 
[2017.05.18-12.18.21:759][  0]LogD3D11RHI:     Adapter Name: NVIDIA GeForce GTX 1060 3GB
[2017.05.18-12.18.21:759][  0]LogD3D11RHI:   Driver Version: 372.54 (internal:21.21.13.7254, unified:372.54)
[2017.05.18-12.18.21:759][  0]LogD3D11RHI:      Driver Date: 8-11-2016
[2017.05.18-12.18.21:759][  0]LogRHI: Texture pool is 1361 MB (70% of 1945 MB)
[2017.05.18-12.18.21:775][  0]LogD3D11RHI: Async texture creation enabled
[2017.05.18-12.18.21:784][  0]LogD3D11RHI: GPU Timing Frequency: 1000.000000 (Debug: 2 1)
[2017.05.18-12.18.21:883][  0]LogShaderCompilers: Guid format shader working directory is 15 characters bigger than the processId version (D:/2017GameEngine/TakeHomeExam/Intermediate/Shaders/WorkingDirectory/8548/).
[2017.05.18-12.18.21:883][  0]LogShaderCompilers: Cleaned the shader compiler working directory 'C:/Users/User/AppData/Local/Temp/UnrealShaderWorkingDir/DABF93C047A75D0FE8EDCAAD174808DF/'.
[2017.05.18-12.18.21:883][  0]LogShaderCompilers:Display: Using Local Shader Compiler.
[2017.05.18-12.18.23:048][  0]LogTemp:Display: Loaded TP AllDesktopTargetPlatform
[2017.05.18-12.18.23:131][  0]LogTemp:Display: Loaded TP MacClientTargetPlatform
[2017.05.18-12.18.23:215][  0]LogTemp:Display: Loaded TP MacNoEditorTargetPlatform
[2017.05.18-12.18.23:299][  0]LogTemp:Display: Loaded TP MacServerTargetPlatform
[2017.05.18-12.18.23:384][  0]LogTemp:Display: Loaded TP MacTargetPlatform
[2017.05.18-12.18.23:469][  0]LogTemp:Display: Loaded TP WindowsClientTargetPlatform
[2017.05.18-12.18.23:554][  0]LogTemp:Display: Loaded TP WindowsNoEditorTargetPlatform
[2017.05.18-12.18.23:638][  0]LogTemp:Display: Loaded TP WindowsServerTargetPlatform
[2017.05.18-12.18.23:712][  0]LogTemp:Display: Loaded TP WindowsTargetPlatform
[2017.05.18-12.18.23:796][  0]LogTemp:Display: Loaded TP AndroidTargetPlatform
[2017.05.18-12.18.23:879][  0]LogTemp:Display: Loaded TP Android_ASTCTargetPlatform
[2017.05.18-12.18.23:960][  0]LogTemp:Display: Loaded TP Android_ATCTargetPlatform
[2017.05.18-12.18.24:046][  0]LogTemp:Display: Loaded TP Android_DXTTargetPlatform
[2017.05.18-12.18.24:127][  0]LogTemp:Display: Loaded TP Android_ETC1TargetPlatform
[2017.05.18-12.18.24:210][  0]LogTemp:Display: Loaded TP Android_ETC2TargetPlatform
[2017.05.18-12.18.24:377][  0]LogTemp:Display: Loaded TP Android_MultiTargetPlatform
[2017.05.18-12.18.24:377][  0]LogTemp:Display: Loaded TP Android_PVRTCTargetPlatform
[2017.05.18-12.18.24:443][  0]LogTemp:Display: Loaded TP HTML5TargetPlatform
[2017.05.18-12.18.24:582][  0]LogTemp:Display: Loaded TP IOSTargetPlatform
[2017.05.18-12.18.24:632][  0]LogTemp:Display: Loaded TP TVOSTargetPlatform
[2017.05.18-12.18.24:714][  0]LogTemp:Display: Loaded TP LinuxClientTargetPlatform
[2017.05.18-12.18.24:798][  0]LogTemp:Display: Loaded TP LinuxNoEditorTargetPlatform
[2017.05.18-12.18.24:880][  0]LogTemp:Display: Loaded TP LinuxServerTargetPlatform
[2017.05.18-12.18.24:963][  0]LogTemp:Display: Loaded TP LinuxTargetPlatform
[2017.05.18-12.18.24:963][  0]LogTargetPlatformManager:Display: Building Assets For Windows
[2017.05.18-12.18.25:715][  0]LogDerivedDataCache:Display: Max Cache Size: 512 MB
[2017.05.18-12.18.25:767][  0]LogDerivedDataCache: Loaded boot cache 0.05s 50MB C:/Users/User/AppData/Local/UnrealEngine/4.15/DerivedDataCache/Boot.ddc.
[2017.05.18-12.18.25:767][  0]LogDerivedDataCache:Display: Loaded Boot cache: C:/Users/User/AppData/Local/UnrealEngine/4.15/DerivedDataCache/Boot.ddc
[2017.05.18-12.18.25:767][  0]LogDerivedDataCache: FDerivedDataBackendGraph:  Pak pak cache file D:/2017GameEngine/TakeHomeExam/DerivedDataCache/DDC.ddp not found, will not use a pak cache.
[2017.05.18-12.18.25:767][  0]LogDerivedDataCache: Unable to find inner node Pak for hierarchical cache Hierarchy.
[2017.05.18-12.18.25:767][  0]LogDerivedDataCache: FDerivedDataBackendGraph:  CompressedPak pak cache file D:/2017GameEngine/TakeHomeExam/DerivedDataCache/Compressed.ddp not found, will not use a pak cache.
[2017.05.18-12.18.25:767][  0]LogDerivedDataCache: Unable to find inner node CompressedPak for hierarchical cache Hierarchy.
[2017.05.18-12.18.25:785][  0]LogDerivedDataCache:Display: Pak cache opened for reading ../../../Engine/DerivedDataCache/Compressed.ddp.
[2017.05.18-12.18.25:798][  0]LogDerivedDataCache: Using Local data cache path C:/Users/User/AppData/Local/UnrealEngine/Common/DerivedDataCache: Writable
[2017.05.18-12.18.25:805][  0]LogSlate: Using Freetype 2.6.0
[2017.05.18-12.18.25:806][  0]LogSlate: SlateFontCache - WITH_FREETYPE: 1, WITH_HARFBUZZ: 1
[2017.05.18-12.18.25:806][  0]LogSlate: SlateFontCache - WITH_FREETYPE: 1, WITH_HARFBUZZ: 1
[2017.05.18-12.18.26:087][  0]LogInit: Selected Device Profile: [Windows]
[2017.05.18-12.18.26:089][  0]LogContentStreaming: Texture pool size is 0.00 MB
[2017.05.18-12.18.26:371][  0]LogMeshUtilities: Using QuadricMeshReduction for automatic static mesh reduction
[2017.05.18-12.18.26:445][  0]LogSimplygon: Simplygon DLL not present - disabling.
[2017.05.18-12.18.26:525][  0]LogMeshUtilities: Using SimplygonSwarm for distributed automatic mesh merging
[2017.05.18-12.18.26:525][  0]LogMeshUtilities: No automatic skeletal mesh reduction module available
[2017.05.18-12.18.26:525][  0]LogMeshUtilities: No automatic mesh merging module available
[2017.05.18-12.18.27:162][  0]LogNetVersion: GetLocalNetworkVersion: CL: 3299760, ProjectName: takehomeexam, ProjectVersion: , EngineNetworkVersion: 2, GameNetworkVersion: 0, NetworkChecksum: 2618571837
[2017.05.18-12.18.27:225][  0]LogAssetRegistry: FAssetRegistry took 0.0211 seconds to start up
[2017.05.18-12.18.27:278][  0]LogPackageLocalizationCache: Processed 3 localized package path(s) for 1 prioritized culture(s) in 0.011022 seconds
[2017.05.18-12.18.27:283][  0]LogUObjectArray: 32475 objects as part of root set at end of initial load.
[2017.05.18-12.18.27:283][  0]LogUObjectAllocator: 7073360 out of 0 bytes used by permanent object pool.
[2017.05.18-12.18.27:283][  0]LogUObjectArray: CloseDisregardForGC: 0/0 objects in disregard for GC pool
[2017.05.18-12.18.27:404][  0]LogInit: WinSock: version 1.1 (2.2), MaxSocks=32767, MaxUdp=65467
[2017.05.18-12.18.30:008][  0]LogTcpMessaging: Initializing TcpMessaging bridge
[2017.05.18-12.18.30:085][  0]LogUdpMessaging: Initializing bridge on interface 0.0.0.0:0 to multicast group 230.0.0.1:6666.
[2017.05.18-12.18.30:800][  0]LogMaterial: Uniform references updated for custom material expression Custom.
[2017.05.18-12.18.31:391][  0]SourceControl: Info Source control is disabled
[2017.05.18-12.18.31:424][  0]SourceControl: Info Source control is disabled
[2017.05.18-12.18.31:504][  0]SourceControl: Info Source control is disabled
[2017.05.18-12.18.31:582][  0]SourceControl: Info Source control is disabled
[2017.05.18-12.18.33:646][  0]LogEngine: Initializing Engine...
[2017.05.18-12.18.33:646][  0]LogHMD: Failed to initialize OpenVR with code 110
[2017.05.18-12.18.33:960][  0]LogAIModule: Creating AISystem for world Untitled
[2017.05.18-12.18.33:970][  0]LogInit: XAudio2 using '스피커(Realtek High Definition Audio)' : 2 channels at 48 kHz using 32 bits per sample (channel mask 0x3)
[2017.05.18-12.18.33:988][  0]LogInit: FAudioDevice initialized.
[2017.05.18-12.18.34:018][  0]LogDerivedDataCache: Saved boot cache 0.03s 50MB C:/Users/User/AppData/Local/UnrealEngine/4.15/DerivedDataCache/Boot.ddc.
[2017.05.18-12.18.34:026][  0]LogInit: Texture streaming: Enabled
[2017.05.18-12.18.34:194][  0]LogEngineSessionManager: EngineSessionManager initialized
[2017.05.18-12.18.34:339][  0]LogInit: Transaction tracking system initialized
[2017.05.18-12.18.34:942][  0]BlueprintLog: New page: Editor Load
[2017.05.18-12.18.36:540][  0]LocalizationService: Info Localization service is disabled
[2017.05.18-12.18.37:703][  0]LogConsoleResponse:Display: 
[2017.05.18-12.18.37:848][  0]LogCook:Display: Max memory allowance for cook 16384mb min free memory 0mb
[2017.05.18-12.18.37:848][  0]LogFileCache: Scanning file cache for directory 'D:/2017GameEngine/TakeHomeExam/Content/' took 0.01s
[2017.05.18-12.18.37:848][  0]LogCook:Display: Mobile HDR setting 1
[2017.05.18-12.18.39:613][  0]SourceControl: Info Source control is disabled
[2017.05.18-12.18.39:613][  0]Cmd: MAP LOAD FILE="../../../Engine/Content/Maps/Templates/Template_Default.umap" TEMPLATE=1 SHOWPROGRESS=1 FEATURELEVEL=3
[2017.05.18-12.18.39:614][  0]LightingResults: New page: Lighting Build
[2017.05.18-12.18.39:685][  0]MapCheck: New page: Map Check
[2017.05.18-12.18.39:685][  0]LightingResults: New page: Lighting Build
[2017.05.18-12.18.39:867][  0]LogAIModule: Creating AISystem for world Untitled_1
[2017.05.18-12.18.39:867][  0]LogActorComponent: RegisterComponentWithWorld: (/Temp/Untitled_1.Untitled_1:PersistentLevel.WorldSettings_1.StaticMeshComponent0) Trying to register component with IsPendingKill() == true. Aborting.
[2017.05.18-12.18.39:871][  0]LogEditorServer: Finished looking for orphan Actors (0.000 secs)
[2017.05.18-12.18.39:874][  0]Cmd: MAP CHECKDEP NOCLEARLOG
[2017.05.18-12.18.39:941][  0]MapCheck: Info Map check complete: 0 Error(s), 0 Warning(s), took 66.244ms to complete.
[2017.05.18-12.18.39:941][  0]LogFileHelpers: Loading map 'Template_Default' took 0.327
[2017.05.18-12.18.40:034][  0]LogWindowsTextInputMethodSystem:Display: IME system now activated using TSF (Microsoft 입력기).
[2017.05.18-12.18.40:172][  0]LogCollectionManager: Loaded 0 collections in 0.001616 seconds
[2017.05.18-12.18.40:283][  0]LogFileCache: Scanning file cache for directory 'D:/2017GameEngine/TakeHomeExam/Saved/Collections/' took 0.01s
[2017.05.18-12.18.40:283][  0]LogFileCache: Scanning file cache for directory 'D:/2017GameEngine/TakeHomeExam/Content/Developers/User/Collections/' took 0.01s
[2017.05.18-12.18.40:283][  0]LogFileCache: Scanning file cache for directory 'D:/2017GameEngine/TakeHomeExam/Content/Collections/' took 0.01s
[2017.05.18-12.18.40:283][  0]LogCollectionManager: Rebuilt the GUID cache for 0 collections in 0.000001 seconds
[2017.05.18-12.18.40:292][  0]LogContentBrowser: Native class hierarchy populated in 0.0081 seconds. Added 2244 classes and 450 folders.
[2017.05.18-12.18.40:295][  0]LogStats: UGameplayTagsManager::ConstructGameplayTagTree: Construct from data asset -  0.000 s
[2017.05.18-12.18.40:295][  0]LogStats: UGameplayTagsManager::ConstructGameplayTagTree: GameplayTagTreeChangedEvent.Broadcast -  0.000 s
[2017.05.18-12.18.40:402][  0]LogContentBrowser: Native class hierarchy updated for 'WidgetCarousel' in 0.0005 seconds. Added 0 classes and 0 folders.
[2017.05.18-12.18.40:458][  0]LogContentBrowser: Native class hierarchy updated for 'AddContentDialog' in 0.0005 seconds. Added 0 classes and 0 folders.
[2017.05.18-12.18.40:530][  0]LogContentBrowser: Native class hierarchy updated for 'SceneOutliner' in 0.0005 seconds. Added 1 classes and 2 folders.
[2017.05.18-12.18.40:597][  0]LogCrashTracker: Crashtracker disabled due to settings.
[2017.05.18-12.18.40:604][  0]LogUObjectGlobals:Warning: Failed to find object 'Class None.'
[2017.05.18-12.18.40:699][  0]LogContentBrowser: Native class hierarchy updated for 'HierarchicalLODOutliner' in 0.0005 seconds. Added 1 classes and 2 folders.
[2017.05.18-12.18.40:699][  0]LogLoad: (Engine Initialization) Total time: 22.11 seconds
[2017.05.18-12.18.40:699][  0]LogLoad: (Engine Initialization) Total Blueprint compile time: 0.11 seconds
[2017.05.18-12.18.40:699][  0]LogExternalProfiler: Found external profiler: VSPerf
[2017.05.18-12.18.40:699][  0]LogExternalProfiler: Using external profiler: VSPerf
[2017.05.18-12.18.40:711][  0]LogOcInput: OculusInput pre-init called
[2017.05.18-12.18.40:727][  0]LogAssetRegistry: Asset discovery search completed in 13.5233 seconds
[2017.05.18-12.18.40:727][  0]LogCollectionManager: Rebuilt the object cache for 0 collections in 0.000004 seconds (found 0 objects)
[2017.05.18-12.18.40:727][  0]LogCollectionManager: Fixed up redirectors for 0 collections in 0.000018 seconds (updated 0 objects)
[2017.05.18-12.18.40:733][  0]LogContentStreaming: Texture pool size now 1000 MB
[2017.05.18-12.18.40:740][  0]LogSlate: Took 0.000317 seconds to synchronously load lazily loaded font '../../../Engine/Content/Slate/Fonts/Roboto-Regular.ttf' (155K)
[2017.05.18-12.18.40:744][  0]LogSlate: Took 0.000284 seconds to synchronously load lazily loaded font '../../../Engine/Content/Slate/Fonts/Roboto-Bold.ttf' (160K)
[2017.05.18-12.18.40:749][  0]LogSlate: Took 0.000329 seconds to synchronously load lazily loaded font '../../../Engine/Content/Editor/Slate/Fonts/FontAwesome.ttf' (139K)
[2017.05.18-12.18.40:899][  0]LogRenderer: Reallocating scene render targets to support 1208x576 NumSamples 1 (Frame:2).
[2017.05.18-12.18.54:261][574]LogSlate: Took 0.000274 seconds to synchronously load lazily loaded font '../../../Engine/Content/Slate/Fonts/Roboto-Light.ttf' (159K)
[2017.05.18-12.19.43:463][916]LogSlate: Took 0.000219 seconds to synchronously load lazily loaded font '../../../Engine/Content/Slate/Fonts/Roboto-Light.ttf' (159K)
[2017.05.18-12.19.43:582][916]Cmd: OBJ SAVEPACKAGE PACKAGE="/Game/Levels/testlevel" FILE="D:/2017GameEngine/TakeHomeExam/Content/Levels/testlevel.umap" SILENT=true AUTOSAVING=false KEEPDIRTY=false
[2017.05.18-12.19.43:623][916]LogSavePackage: Save=25.31ms
[2017.05.18-12.19.43:623][916]LogSavePackage: Moving 'D:/2017GameEngine/TakeHomeExam/Saved/testlevelCDA51B8847307943D801B6B9AD553157.tmp' to 'D:/2017GameEngine/TakeHomeExam/Content/Levels/testlevel.umap'
[2017.05.18-12.19.43:624][916]LogSavePackage:Display: Finished SavePackage D:/2017GameEngine/TakeHomeExam/Content/Levels/testlevel.umap
[2017.05.18-12.19.43:641][916]LogFileHelpers: Saving map 'testlevel' took 0.268
[2017.05.18-12.19.46:689][259]Cmd: MAP LOAD FILE="D:/2017GameEngine/TakeHomeExam/Content/Levels/testlevel.umap" TEMPLATE=0 SHOWPROGRESS=1 FEATURELEVEL=3
[2017.05.18-12.19.46:690][259]LightingResults: New page: Lighting Build
[2017.05.18-12.19.46:691][259]LoadErrors: New page: Loading map: testlevel.umap
[2017.05.18-12.19.46:698][259]MapCheck: New page: Map Check
[2017.05.18-12.19.46:698][259]LightingResults: New page: Lighting Build
[2017.05.18-12.19.46:732][259]LogAIModule: Creating AISystem for world testlevel
[2017.05.18-12.19.46:735][259]LogEditorServer: Finished looking for orphan Actors (0.000 secs)
[2017.05.18-12.19.46:742][259]Cmd: MAP CHECKDEP NOCLEARLOG
[2017.05.18-12.19.46:811][259]MapCheck: Info Map check complete: 0 Error(s), 0 Warning(s), took 69.48ms to complete.
[2017.05.18-12.19.46:812][259]LogFileHelpers: Loading map 'testlevel' took 0.123
[2017.05.18-12.21.11:568][  1]LogContentBrowser: Native class hierarchy updated for 'BlueprintGraph' in 0.0009 seconds. Added 112 classes and 0 folders.
[2017.05.18-12.21.12:130][  1]LogSlate: Took 0.000183 seconds to synchronously load lazily loaded font '../../../Engine/Content/Slate/Fonts/Roboto-Regular.ttf' (155K)
[2017.05.18-12.21.12:298][  1]LogRenderer: Reallocating scene render targets to support 1208x712 NumSamples 1 (Frame:4629).
[2017.05.18-12.21.12:700][ 34]LogSlate: Took 0.000468 seconds to synchronously load lazily loaded font '../../../Engine/Content/Editor/Slate/Fonts/Roboto-Italic.ttf' (157K)
[2017.05.18-12.21.14:467][174]LogSlate: Took 0.000256 seconds to synchronously load lazily loaded font '../../../Engine/Content/Slate/Fonts/Roboto-Light.ttf' (159K)
[2017.05.18-12.21.22:337][922]BlueprintLog: New page: Compile HeroBP
[2017.05.18-12.21.23:036][965]Cmd: OBJ SAVEPACKAGE PACKAGE="/Game/Hero/HeroBP" FILE="D:/2017GameEngine/TakeHomeExam/Content/Hero/HeroBP.uasset" SILENT=true
[2017.05.18-12.21.23:058][965]LogSavePackage: Save=20.56ms
[2017.05.18-12.21.23:058][965]LogSavePackage: Moving 'D:/2017GameEngine/TakeHomeExam/Saved/HeroBP66C1C7994978C18F514061B86132E9E5.tmp' to 'D:/2017GameEngine/TakeHomeExam/Content/Hero/HeroBP.uasset'
[2017.05.18-12.21.23:060][965]LogSavePackage:Display: Finished SavePackage D:/2017GameEngine/TakeHomeExam/Content/Hero/HeroBP.uasset
[2017.05.18-12.21.55:129][152]BlueprintLog: New page: Compile HeroBP
[2017.05.18-12.21.55:750][185]Cmd: OBJ SAVEPACKAGE PACKAGE="/Game/Hero/HeroBP" FILE="D:/2017GameEngine/TakeHomeExam/Content/Hero/HeroBP.uasset" SILENT=true
[2017.05.18-12.21.55:775][185]LogSavePackage: Save=22.49ms
[2017.05.18-12.21.55:775][185]LogSavePackage: Moving 'D:/2017GameEngine/TakeHomeExam/Saved/HeroBP176005C941CC49D1DAF5B19B944DA2E7.tmp' to 'D:/2017GameEngine/TakeHomeExam/Content/Hero/HeroBP.uasset'
[2017.05.18-12.21.55:777][185]LogSavePackage:Display: Finished SavePackage D:/2017GameEngine/TakeHomeExam/Content/Hero/HeroBP.uasset
[2017.05.18-12.21.57:199][349]LogSlate: Took 0.000370 seconds to synchronously load lazily loaded font '../../../Engine/Content/Editor/Slate/Fonts/Roboto-BoldCondensed.ttf' (158K)
[2017.05.18-12.22.05:512][191]LogSlate: Only BGRA pngs, bmps or icos are supported in by External Image Picker
[2017.05.18-12.22.05:579][191]LogTemp:Display: Executing iPhonePackager certificates Engine -bundlename com.YourCompany.TakeHomeExam

[2017.05.18-12.22.05:579][191]LogTemp:Display: CWD: C:\Program Files\Epic Games\UE_4.15\Engine\Binaries\DotNET\IOS

[2017.05.18-12.22.05:579][191]LogTemp:Display: Initial Dir: C:\Program Files\Epic Games\UE_4.15

[2017.05.18-12.22.05:579][191]LogTemp:Display: Env CWD: C:\Program Files\Epic Games\UE_4.15\Engine\Binaries\DotNET\IOS

[2017.05.18-12.22.05:579][191]LogTemp:Display: BranchPath = DESKTOP-64OHN5C/C/Program Files/Epic Games/UE_4.15/Engine/Binaries --- GameBranchPath = DESKTOP-64OHN5C/C/Program Files/Epic Games/UE_4.15/Engine/Binaries

[2017.05.18-12.22.05:587][191]LogTemp:Display: IPP ERROR: Application exception: System.IO.DirectoryNotFoundException: 'C:\Users\User\AppData\Local\Apple Computer\MobileDevice\Provisioning Profiles' ?????? ?Ϻθ? ã?? ?? ?????ϴ?.

[2017.05.18-12.22.05:587][191]LogTemp:Display:    ??ġ: System.IO.__Error.WinIOError(Int32 errorCode, String maybeFullPath)

[2017.05.18-12.22.05:587][191]LogTemp:Display:    ??ġ: System.IO.FileSystemEnumerableIterator`1.CommonInit()

[2017.05.18-12.22.05:587][191]LogTemp:Display:    ??ġ: System.IO.FileSystemEnumerableIterator`1..ctor(String path, String originalUserPath, String searchPattern, SearchOption searchOption, SearchResultHandler`1 resultHandler, Boolean checkHost)

[2017.05.18-12.22.05:587][191]LogTemp:Display:    ??ġ: System.IO.Directory.EnumerateFiles(String path, String searchPattern)

[2017.05.18-12.22.05:587][191]LogTemp:Display:    ??ġ: iPhonePackager.CodeSignatureBuilder.FindProvisions(String CFBundleIdentifier)

[2017.05.18-12.22.05:587][191]LogTemp:Display:    ??ġ: iPhonePackager.Program.Main(String[] args)

[2017.05.18-12.22.12:590][ 15]Cmd: OBJ SAVEPACKAGE PACKAGE="/Game/Hero/HeroBP" FILE="D:/2017GameEngine/TakeHomeExam/Content/Hero/HeroBP.uasset" SILENT=true
[2017.05.18-12.22.12:607][ 15]LogSavePackage: Save=14.79ms
[2017.05.18-12.22.12:607][ 15]LogSavePackage: Moving 'D:/2017GameEngine/TakeHomeExam/Saved/HeroBP9BCEBA2B4CBBAFF46DCD07BCCDAFDB9C.tmp' to 'D:/2017GameEngine/TakeHomeExam/Content/Hero/HeroBP.uasset'
[2017.05.18-12.22.12:609][ 15]LogSavePackage:Display: Finished SavePackage D:/2017GameEngine/TakeHomeExam/Content/Hero/HeroBP.uasset
[2017.05.18-12.22.24:908][244]LogSlate:Warning: Prevented a slow task dialog from being summoned while a context menu was open
[2017.05.18-12.22.26:856][458]BlueprintLog: New page: Compile ShooterGameMode
[2017.05.18-12.22.27:407][498]Cmd: OBJ SAVEPACKAGE PACKAGE="/Game/ShooterGameMode" FILE="D:/2017GameEngine/TakeHomeExam/Content/ShooterGameMode.uasset" SILENT=true
[2017.05.18-12.22.27:417][498]LogSavePackage: Save=8.29ms
[2017.05.18-12.22.27:417][498]LogSavePackage: Moving 'D:/2017GameEngine/TakeHomeExam/Saved/ShooterGameMode259A6B4C4115DBF44C46FABE0856F6AF.tmp' to 'D:/2017GameEngine/TakeHomeExam/Content/ShooterGameMode.uasset'
[2017.05.18-12.22.27:420][498]LogSavePackage:Display: Finished SavePackage D:/2017GameEngine/TakeHomeExam/Content/ShooterGameMode.uasset
[2017.05.18-12.22.31:523][871]LogSlate: Only BGRA pngs, bmps or icos are supported in by External Image Picker
[2017.05.18-12.22.31:581][871]LogTemp:Display: Executing iPhonePackager certificates Engine -bundlename com.YourCompany.TakeHomeExam

[2017.05.18-12.22.31:581][871]LogTemp:Display: CWD: C:\Program Files\Epic Games\UE_4.15\Engine\Binaries\DotNET\IOS

[2017.05.18-12.22.31:581][871]LogTemp:Display: Initial Dir: C:\Program Files\Epic Games\UE_4.15

[2017.05.18-12.22.31:581][871]LogTemp:Display: Env CWD: C:\Program Files\Epic Games\UE_4.15\Engine\Binaries\DotNET\IOS

[2017.05.18-12.22.31:581][871]LogTemp:Display: BranchPath = DESKTOP-64OHN5C/C/Program Files/Epic Games/UE_4.15/Engine/Binaries --- GameBranchPath = DESKTOP-64OHN5C/C/Program Files/Epic Games/UE_4.15/Engine/Binaries

[2017.05.18-12.22.31:594][871]LogTemp:Display: IPP ERROR: Application exception: System.IO.DirectoryNotFoundException: 'C:\Users\User\AppData\Local\Apple Computer\MobileDevice\Provisioning Profiles' ?????? ?Ϻθ? ã?? ?? ?????ϴ?.

[2017.05.18-12.22.31:594][871]LogTemp:Display:    ??ġ: System.IO.__Error.WinIOError(Int32 errorCode, String maybeFullPath)

[2017.05.18-12.22.31:594][871]LogTemp:Display:    ??ġ: System.IO.FileSystemEnumerableIterator`1.CommonInit()

[2017.05.18-12.22.31:594][871]LogTemp:Display:    ??ġ: System.IO.FileSystemEnumerableIterator`1..ctor(String path, String originalUserPath, String searchPattern, SearchOption searchOption, SearchResultHandler`1 resultHandler, Boolean checkHost)

[2017.05.18-12.22.31:594][871]LogTemp:Display:    ??ġ: System.IO.Directory.EnumerateFiles(String path, String searchPattern)

[2017.05.18-12.22.31:594][871]LogTemp:Display:    ??ġ: iPhonePackager.CodeSignatureBuilder.FindProvisions(String CFBundleIdentifier)

[2017.05.18-12.22.31:594][871]LogTemp:Display:    ??ġ: iPhonePackager.Program.Main(String[] args)

[2017.05.18-12.22.35:090][283]LogSlate:Warning: Prevented a slow task dialog from being summoned while a context menu was open
[2017.05.18-12.25.16:579][ 92]BlueprintLog: New page: Compile HeroBP
[2017.05.18-12.25.17:226][128]Cmd: OBJ SAVEPACKAGE PACKAGE="/Game/Hero/HeroBP" FILE="D:/2017GameEngine/TakeHomeExam/Content/Hero/HeroBP.uasset" SILENT=true
[2017.05.18-12.25.17:257][128]LogSavePackage: Save=29.64ms
[2017.05.18-12.25.17:257][128]LogSavePackage: Moving 'D:/2017GameEngine/TakeHomeExam/Saved/HeroBP24B15BC14111A2CAF8A07BBDE41D8F23.tmp' to 'D:/2017GameEngine/TakeHomeExam/Content/Hero/HeroBP.uasset'
[2017.05.18-12.25.17:260][128]LogSavePackage:Display: Finished SavePackage D:/2017GameEngine/TakeHomeExam/Content/Hero/HeroBP.uasset
[2017.05.18-12.25.18:785][297]LogTemp: Repeting last play command: Selected Viewport
[2017.05.18-12.25.18:796][297]LogPlayLevel: PlayLevel: No blueprints needed recompiling
[2017.05.18-12.25.18:796][297]PIE: New page: PIE session: testlevel (May 19, 2017, 6:25:18 AM)
[2017.05.18-12.25.18:796][297]LogPlayLevel: Creating play world package: /Game/Levels/UEDPIE_0_testlevel
[2017.05.18-12.25.18:799][297]LogPlayLevel: PIE: StaticDuplicateObject took: (0.002194s)
[2017.05.18-12.25.18:799][297]LogAIModule: Creating AISystem for world testlevel
[2017.05.18-12.25.18:800][297]LogPlayLevel: PIE: World Init took: (0.000979s)
[2017.05.18-12.25.18:800][297]LogPlayLevel: PIE: Created PIE world by copying editor world from /Game/Levels/testlevel.testlevel to /Game/Levels/UEDPIE_0_testlevel.testlevel (0.003342s)
[2017.05.18-12.25.18:816][297]LogInit: XAudio2 using '스피커(Realtek High Definition Audio)' : 2 channels at 48 kHz using 32 bits per sample (channel mask 0x3)
[2017.05.18-12.25.18:830][297]LogInit: FAudioDevice initialized.
[2017.05.18-12.25.18:876][297]LogLoad: Game class is 'ShooterGameMode_C'
[2017.05.18-12.25.18:877][297]LogWorld: Bringing World /Game/Levels/UEDPIE_0_testlevel.testlevel up for play (max tick rate 0) at 2017.05.18-21.25.18
[2017.05.18-12.25.18:878][297]LogWorld: Bringing up level for play took: 0.000742
[2017.05.18-12.25.18:949][297]LogContentBrowser: Native class hierarchy updated for 'MovieSceneCapture' in 0.0006 seconds. Added 11 classes and 0 folders.
[2017.05.18-12.25.18:951][297]PIE: Info Play in editor start time for /Game/Levels/UEDPIE_0_testlevel 0.915
[2017.05.18-12.25.53:335][165]BlueprintLog: New page: Compile HeroBP
[2017.05.18-12.25.53:778][191]Cmd: OBJ SAVEPACKAGE PACKAGE="/Game/Hero/HeroBP" FILE="D:/2017GameEngine/TakeHomeExam/Content/Hero/HeroBP.uasset" SILENT=true
[2017.05.18-12.25.53:808][191]LogSavePackage: Save=29.16ms
[2017.05.18-12.25.53:808][191]LogSavePackage: Moving 'D:/2017GameEngine/TakeHomeExam/Saved/HeroBP3FA4D56F442B9099E3481597D507B30D.tmp' to 'D:/2017GameEngine/TakeHomeExam/Content/Hero/HeroBP.uasset'
[2017.05.18-12.25.53:811][191]LogSavePackage:Display: Finished SavePackage D:/2017GameEngine/TakeHomeExam/Content/Hero/HeroBP.uasset
[2017.05.18-12.25.55:125][334]LogTemp: Repeting last play command: Selected Viewport
[2017.05.18-12.25.55:132][334]LogPlayLevel: PlayLevel: No blueprints needed recompiling
[2017.05.18-12.25.55:132][334]PIE: New page: PIE session: testlevel (May 19, 2017, 6:25:55 AM)
[2017.05.18-12.25.55:133][334]LogPlayLevel: Creating play world package: /Game/Levels/UEDPIE_0_testlevel
[2017.05.18-12.25.55:134][334]LogPlayLevel: PIE: StaticDuplicateObject took: (0.001629s)
[2017.05.18-12.25.55:135][334]LogAIModule: Creating AISystem for world testlevel
[2017.05.18-12.25.55:135][334]LogPlayLevel: PIE: World Init took: (0.001026s)
[2017.05.18-12.25.55:136][334]LogPlayLevel: PIE: Created PIE world by copying editor world from /Game/Levels/testlevel.testlevel to /Game/Levels/UEDPIE_0_testlevel.testlevel (0.002926s)
[2017.05.18-12.25.55:152][334]LogInit: XAudio2 using '스피커(Realtek High Definition Audio)' : 2 channels at 48 kHz using 32 bits per sample (channel mask 0x3)
[2017.05.18-12.25.55:164][334]LogInit: FAudioDevice initialized.
[2017.05.18-12.25.55:193][334]LogLoad: Game class is 'ShooterGameMode_C'
[2017.05.18-12.25.55:194][334]LogWorld: Bringing World /Game/Levels/UEDPIE_0_testlevel.testlevel up for play (max tick rate 0) at 2017.05.18-21.25.55
[2017.05.18-12.25.55:194][334]LogWorld: Bringing up level for play took: 0.000777
[2017.05.18-12.25.55:196][334]PIE: Info Play in editor start time for /Game/Levels/UEDPIE_0_testlevel -0.84
[2017.05.18-12.26.06:707][316]LogTemp: Repeting last play command: Selected Viewport
[2017.05.18-12.26.06:714][316]LogPlayLevel: PlayLevel: No blueprints needed recompiling
[2017.05.18-12.26.06:714][316]PIE: New page: PIE session: testlevel (May 19, 2017, 6:26:06 AM)
[2017.05.18-12.26.06:714][316]LogPlayLevel: Creating play world package: /Game/Levels/UEDPIE_0_testlevel
[2017.05.18-12.26.06:716][316]LogPlayLevel: PIE: StaticDuplicateObject took: (0.001500s)
[2017.05.18-12.26.06:717][316]LogAIModule: Creating AISystem for world testlevel
[2017.05.18-12.26.06:717][316]LogPlayLevel: PIE: World Init took: (0.000720s)
[2017.05.18-12.26.06:717][316]LogPlayLevel: PIE: Created PIE world by copying editor world from /Game/Levels/testlevel.testlevel to /Game/Levels/UEDPIE_0_testlevel.testlevel (0.002388s)
[2017.05.18-12.26.06:733][316]LogInit: XAudio2 using '스피커(Realtek High Definition Audio)' : 2 channels at 48 kHz using 32 bits per sample (channel mask 0x3)
[2017.05.18-12.26.06:745][316]LogInit: FAudioDevice initialized.
[2017.05.18-12.26.06:776][316]LogLoad: Game class is 'ShooterGameMode_C'
[2017.05.18-12.26.06:778][316]LogWorld: Bringing World /Game/Levels/UEDPIE_0_testlevel.testlevel up for play (max tick rate 0) at 2017.05.18-21.26.06
[2017.05.18-12.26.06:779][316]LogWorld: Bringing up level for play took: 0.000829
[2017.05.18-12.26.06:780][316]PIE: Info Play in editor start time for /Game/Levels/UEDPIE_0_testlevel 0.745
[2017.05.18-12.26.39:759][770]LogContentBrowser: Native class hierarchy updated for 'SkeletonEditor' in 0.0005 seconds. Added 1 classes and 2 folders.
[2017.05.18-12.26.39:886][770]LogActorComponent: RegisterComponentWithWorld: (/Engine/Transient.World_7:PersistentLevel.Actor_0.DebugSkelMeshComponent_0) Already registered. Aborting.
[2017.05.18-12.26.39:921][770]LogSkeletalMesh: USkeletalMeshComponent::InitArticulated : Bodies already created (/Engine/Transient.World_7:PersistentLevel.Actor_0.DebugSkelMeshComponent_0) - call TermArticulated first.
[2017.05.18-12.26.40:434][802]LogAnimationCompression: Building Anim DDC data for AnimSequence /Game/AnimationAssets/Death_1.Death_1
[2017.05.18-12.26.40:442][802]LogAnimationCompression: Building Anim DDC data for AnimSequence /Game/AnimationAssets/Death_2.Death_2
[2017.05.18-12.26.40:626][815]LogAnimationCompression: Building Anim DDC data for AnimSequence /Game/AnimationAssets/Death_3.Death_3
[2017.05.18-12.28.02:001][544]Cmd: OBJ SAVEPACKAGE PACKAGE="/Game/Hero/HeroLocomo" FILE="D:/2017GameEngine/TakeHomeExam/Content/Hero/HeroLocomo.uasset" SILENT=true
[2017.05.18-12.28.02:015][544]LogSavePackage: Save=12.23ms
[2017.05.18-12.28.02:015][544]LogSavePackage: Moving 'D:/2017GameEngine/TakeHomeExam/Saved/HeroLocomoEAD2F8F8458A4AA3A66CD1A8322237B6.tmp' to 'D:/2017GameEngine/TakeHomeExam/Content/Hero/HeroLocomo.uasset'
[2017.05.18-12.28.02:017][544]LogSavePackage:Display: Finished SavePackage D:/2017GameEngine/TakeHomeExam/Content/Hero/HeroLocomo.uasset
[2017.05.18-12.28.20:430][145]LogActorComponent: RegisterComponentWithWorld: (/Engine/Transient.World_12:PersistentLevel.Actor_1.DebugSkelMeshComponent_2) Already registered. Aborting.
[2017.05.18-12.28.20:650][145]LogSkeletalMesh: USkeletalMeshComponent::InitArticulated : Bodies already created (/Engine/Transient.World_12:PersistentLevel.Actor_1.DebugSkelMeshComponent_2) - call TermArticulated first.
[2017.05.18-12.28.51:732][642]BlueprintLog: New page: Compile HeroAnimation
[2017.05.18-12.28.52:418][691]Cmd: OBJ SAVEPACKAGE PACKAGE="/Game/Hero/HeroAnimation" FILE="D:/2017GameEngine/TakeHomeExam/Content/Hero/HeroAnimation.uasset" SILENT=true
[2017.05.18-12.28.52:436][691]LogSavePackage: Save=16.04ms
[2017.05.18-12.28.52:436][691]LogSavePackage: Moving 'D:/2017GameEngine/TakeHomeExam/Saved/HeroAnimation2EC9C46C44DE1036C45C129CDC760FB0.tmp' to 'D:/2017GameEngine/TakeHomeExam/Content/Hero/HeroAnimation.uasset'
[2017.05.18-12.28.52:438][691]LogSavePackage:Display: Finished SavePackage D:/2017GameEngine/TakeHomeExam/Content/Hero/HeroAnimation.uasset
[2017.05.18-12.30.28:232][295]BlueprintLog: New page: Compile HeroAnimation
[2017.05.18-12.30.28:841][333]Cmd: OBJ SAVEPACKAGE PACKAGE="/Game/Hero/HeroAnimation" FILE="D:/2017GameEngine/TakeHomeExam/Content/Hero/HeroAnimation.uasset" SILENT=true
[2017.05.18-12.30.28:864][333]LogSavePackage: Save=20.79ms
[2017.05.18-12.30.28:864][333]LogSavePackage: Moving 'D:/2017GameEngine/TakeHomeExam/Saved/HeroAnimationE32AA6474FCA4BE37D994B9AFB9F9999.tmp' to 'D:/2017GameEngine/TakeHomeExam/Content/Hero/HeroAnimation.uasset'
[2017.05.18-12.30.28:866][333]LogSavePackage:Display: Finished SavePackage D:/2017GameEngine/TakeHomeExam/Content/Hero/HeroAnimation.uasset
[2017.05.18-12.30.36:886][976]LogTemp: Repeting last play command: Selected Viewport
[2017.05.18-12.30.36:894][976]LogPlayLevel: PlayLevel: No blueprints needed recompiling
[2017.05.18-12.30.36:894][976]PIE: New page: PIE session: testlevel (May 19, 2017, 6:30:36 AM)
[2017.05.18-12.30.36:894][976]LogPlayLevel: Creating play world package: /Game/Levels/UEDPIE_0_testlevel
[2017.05.18-12.30.36:896][976]LogPlayLevel: PIE: StaticDuplicateObject took: (0.002050s)
[2017.05.18-12.30.36:897][976]LogAIModule: Creating AISystem for world testlevel
[2017.05.18-12.30.36:897][976]LogPlayLevel: PIE: World Init took: (0.001344s)
[2017.05.18-12.30.36:898][976]LogPlayLevel: PIE: Created PIE world by copying editor world from /Game/Levels/testlevel.testlevel to /Game/Levels/UEDPIE_0_testlevel.testlevel (0.003623s)
[2017.05.18-12.30.36:915][976]LogInit: XAudio2 using '스피커(Realtek High Definition Audio)' : 2 channels at 48 kHz using 32 bits per sample (channel mask 0x3)
[2017.05.18-12.30.36:928][976]LogInit: FAudioDevice initialized.
[2017.05.18-12.30.36:956][976]LogLoad: Game class is 'ShooterGameMode_C'
[2017.05.18-12.30.36:958][976]LogWorld: Bringing World /Game/Levels/UEDPIE_0_testlevel.testlevel up for play (max tick rate 0) at 2017.05.18-21.30.36
[2017.05.18-12.30.36:958][976]LogWorld: Bringing up level for play took: 0.000750
[2017.05.18-12.30.36:959][976]PIE: Info Play in editor start time for /Game/Levels/UEDPIE_0_testlevel 0.924
[2017.05.18-12.30.44:025][560]LogSlate:Warning: Prevented a slow task dialog from being summoned while a context menu was open
[2017.05.18-12.30.46:210][733]BlueprintLog: New page: Compile HeroBP
[2017.05.18-12.30.46:975][764]Cmd: OBJ SAVEPACKAGE PACKAGE="/Game/Hero/HeroBP" FILE="D:/2017GameEngine/TakeHomeExam/Content/Hero/HeroBP.uasset" SILENT=true
[2017.05.18-12.30.47:006][764]LogSavePackage: Save=28.97ms
[2017.05.18-12.30.47:006][764]LogSavePackage: Moving 'D:/2017GameEngine/TakeHomeExam/Saved/HeroBP619F5FB7480E51ED2F38419532D7E79B.tmp' to 'D:/2017GameEngine/TakeHomeExam/Content/Hero/HeroBP.uasset'
[2017.05.18-12.30.47:009][764]LogSavePackage:Display: Finished SavePackage D:/2017GameEngine/TakeHomeExam/Content/Hero/HeroBP.uasset
[2017.05.18-12.30.48:164][883]LogTemp: Repeting last play command: Selected Viewport
[2017.05.18-12.30.48:170][883]LogPlayLevel: PlayLevel: No blueprints needed recompiling
[2017.05.18-12.30.48:170][883]PIE: New page: PIE session: testlevel (May 19, 2017, 6:30:48 AM)
[2017.05.18-12.30.48:170][883]LogPlayLevel: Creating play world package: /Game/Levels/UEDPIE_0_testlevel
[2017.05.18-12.30.48:172][883]LogPlayLevel: PIE: StaticDuplicateObject took: (0.001384s)
[2017.05.18-12.30.48:172][883]LogAIModule: Creating AISystem for world testlevel
[2017.05.18-12.30.48:173][883]LogPlayLevel: PIE: World Init took: (0.000917s)
[2017.05.18-12.30.48:173][883]LogPlayLevel: PIE: Created PIE world by copying editor world from /Game/Levels/testlevel.testlevel to /Game/Levels/UEDPIE_0_testlevel.testlevel (0.002563s)
[2017.05.18-12.30.48:189][883]LogInit: XAudio2 using '스피커(Realtek High Definition Audio)' : 2 channels at 48 kHz using 32 bits per sample (channel mask 0x3)
[2017.05.18-12.30.48:202][883]LogInit: FAudioDevice initialized.
[2017.05.18-12.30.48:231][883]LogLoad: Game class is 'ShooterGameMode_C'
[2017.05.18-12.30.48:233][883]LogWorld: Bringing World /Game/Levels/UEDPIE_0_testlevel.testlevel up for play (max tick rate 0) at 2017.05.18-21.30.48
[2017.05.18-12.30.48:233][883]LogWorld: Bringing up level for play took: 0.000775
[2017.05.18-12.30.48:234][883]PIE: Info Play in editor start time for /Game/Levels/UEDPIE_0_testlevel 0.199
[2017.05.18-12.31.19:392][582]LogActorComponent: RegisterComponentWithWorld: (/Engine/Transient.World_17:PersistentLevel.Actor_2.DebugSkelMeshComponent_4) Already registered. Aborting.
[2017.05.18-12.31.19:612][582]LogSkeletalMesh: USkeletalMeshComponent::InitArticulated : Bodies already created (/Engine/Transient.World_17:PersistentLevel.Actor_2.DebugSkelMeshComponent_4) - call TermArticulated first.
[2017.05.18-12.31.26:606][174]BlueprintLog: New page: Compile HeroAnimation
[2017.05.18-12.31.27:061][200]Cmd: OBJ SAVEPACKAGE PACKAGE="/Game/Hero/HeroAnimation" FILE="D:/2017GameEngine/TakeHomeExam/Content/Hero/HeroAnimation.uasset" SILENT=true
[2017.05.18-12.31.27:084][200]LogSavePackage: Save=21.15ms
[2017.05.18-12.31.27:084][200]LogSavePackage: Moving 'D:/2017GameEngine/TakeHomeExam/Saved/HeroAnimation577C7B584F24961283D6ADB515BE617E.tmp' to 'D:/2017GameEngine/TakeHomeExam/Content/Hero/HeroAnimation.uasset'
[2017.05.18-12.31.27:086][200]LogSavePackage:Display: Finished SavePackage D:/2017GameEngine/TakeHomeExam/Content/Hero/HeroAnimation.uasset
[2017.05.18-12.31.29:366][426]LogTemp: Repeting last play command: Selected Viewport
[2017.05.18-12.31.29:372][426]LogPlayLevel: PlayLevel: No blueprints needed recompiling
[2017.05.18-12.31.29:372][426]PIE: New page: PIE session: testlevel (May 19, 2017, 6:31:29 AM)
[2017.05.18-12.31.29:372][426]LogPlayLevel: Creating play world package: /Game/Levels/UEDPIE_0_testlevel
[2017.05.18-12.31.29:373][426]LogPlayLevel: PIE: StaticDuplicateObject took: (0.001390s)
[2017.05.18-12.31.29:374][426]LogAIModule: Creating AISystem for world testlevel
[2017.05.18-12.31.29:374][426]LogPlayLevel: PIE: World Init took: (0.000936s)
[2017.05.18-12.31.29:374][426]LogPlayLevel: PIE: Created PIE world by copying editor world from /Game/Levels/testlevel.testlevel to /Game/Levels/UEDPIE_0_testlevel.testlevel (0.002520s)
[2017.05.18-12.31.29:392][426]LogInit: XAudio2 using '스피커(Realtek High Definition Audio)' : 2 channels at 48 kHz using 32 bits per sample (channel mask 0x3)
[2017.05.18-12.31.29:405][426]LogInit: FAudioDevice initialized.
[2017.05.18-12.31.29:434][426]LogLoad: Game class is 'ShooterGameMode_C'
[2017.05.18-12.31.29:435][426]LogWorld: Bringing World /Game/Levels/UEDPIE_0_testlevel.testlevel up for play (max tick rate 0) at 2017.05.18-21.31.29
[2017.05.18-12.31.29:435][426]LogWorld: Bringing up level for play took: 0.000838
[2017.05.18-12.31.29:437][426]PIE: Info Play in editor start time for /Game/Levels/UEDPIE_0_testlevel -0.598
[2017.05.18-12.31.37:467][377]Cmd: OBJ SAVEPACKAGE PACKAGE="/Game/Levels/testlevel" FILE="D:/2017GameEngine/TakeHomeExam/Content/Levels/testlevel.umap" SILENT=true AUTOSAVING=false KEEPDIRTY=false
[2017.05.18-12.31.37:508][377]LogSavePackage: Save=25.88ms
[2017.05.18-12.31.37:508][377]LogSavePackage: Moving 'D:/2017GameEngine/TakeHomeExam/Saved/testlevelAAB32D70410723E3EE72AD97D6E2568C.tmp' to 'D:/2017GameEngine/TakeHomeExam/Content/Levels/testlevel.umap'
[2017.05.18-12.31.37:510][377]LogSavePackage:Display: Finished SavePackage D:/2017GameEngine/TakeHomeExam/Content/Levels/testlevel.umap
[2017.05.18-12.33.01:678][102]BlueprintLog: New page: Compile GunBP
[2017.05.18-12.33.02:255][113]Cmd: OBJ SAVEPACKAGE PACKAGE="/Game/Gun/GunBP" FILE="D:/2017GameEngine/TakeHomeExam/Content/Gun/GunBP.uasset" SILENT=true
[2017.05.18-12.33.02:272][113]LogSavePackage: Save=16.20ms
[2017.05.18-12.33.02:272][113]LogSavePackage: Moving 'D:/2017GameEngine/TakeHomeExam/Saved/GunBP2923DEC84F895E7B70CBCF987888C106.tmp' to 'D:/2017GameEngine/TakeHomeExam/Content/Gun/GunBP.uasset'
[2017.05.18-12.33.02:274][113]LogSavePackage:Display: Finished SavePackage D:/2017GameEngine/TakeHomeExam/Content/Gun/GunBP.uasset
[2017.05.18-12.33.32:400][984]BlueprintLog: New page: Compile GunBP
[2017.05.18-12.33.33:133][ 20]Cmd: OBJ SAVEPACKAGE PACKAGE="/Game/Gun/GunBP" FILE="D:/2017GameEngine/TakeHomeExam/Content/Gun/GunBP.uasset" SILENT=true
[2017.05.18-12.33.33:153][ 20]LogSavePackage: Save=17.39ms
[2017.05.18-12.33.33:153][ 20]LogSavePackage: Moving 'D:/2017GameEngine/TakeHomeExam/Saved/GunBP776871F3403696B2026C809E08F0F6FA.tmp' to 'D:/2017GameEngine/TakeHomeExam/Content/Gun/GunBP.uasset'
[2017.05.18-12.33.33:156][ 20]LogSavePackage:Display: Finished SavePackage D:/2017GameEngine/TakeHomeExam/Content/Gun/GunBP.uasset
[2017.05.18-12.34.39:425][702]LogEditorTransaction: Undo Add Component
[2017.05.18-12.35.26:845][592]BlueprintLog: New page: Compile BulletBP
[2017.05.18-12.35.27:538][623]Cmd: OBJ SAVEPACKAGE PACKAGE="/Game/Gun/BulletBP" FILE="D:/2017GameEngine/TakeHomeExam/Content/Gun/BulletBP.uasset" SILENT=true
[2017.05.18-12.35.27:556][623]LogSavePackage: Save=17.41ms
[2017.05.18-12.35.27:557][623]LogSavePackage: Moving 'D:/2017GameEngine/TakeHomeExam/Saved/BulletBP09974C054400C943A76355B33732ABC9.tmp' to 'D:/2017GameEngine/TakeHomeExam/Content/Gun/BulletBP.uasset'
[2017.05.18-12.35.27:558][623]LogSavePackage:Display: Finished SavePackage D:/2017GameEngine/TakeHomeExam/Content/Gun/BulletBP.uasset
[2017.05.18-12.35.38:834][ 46]LogMaterial: Missing cached shader map for material BulletMaterial, compiling. 
[2017.05.18-12.35.38:834][ 46]LogTemp:Display: Added material ShaderMap 0x000001B53CBEAE80 with Material 0x000001B53E9CF880 to ShaderMapsBeingCompiled
[2017.05.18-12.35.38:854][ 46]LogTemp:Display: Kicking off shader compilation for BulletMaterial, GameThreadShaderMap 0x000001B53CBEAE80
[2017.05.18-12.35.38:934][ 46]LogMaterial: Missing cached shader map for material BulletMaterial, compiling. 
[2017.05.18-12.35.38:935][ 46]LogTemp:Display: Added material ShaderMap 0x000001B534F0E080 with Material 0x000001B53E9CF880 to ShaderMapsBeingCompiled
[2017.05.18-12.35.38:943][ 46]LogTemp:Display: Kicking off shader compilation for BulletMaterial, GameThreadShaderMap 0x000001B534F0E080
[2017.05.18-12.35.38:943][ 46]LogMaterial: 0.00 seconds spent updating 1 materials, 1 interfaces, 0 instances, 0 with static permutations.
[2017.05.18-12.35.41:026][183]LogTemp:Display: Finished compile of shader map 0x000001B534F0E080
[2017.05.18-12.35.41:026][183]LogTemp:Display: Shader map BulletMaterial complete, GameThreadShaderMap 0x000001B534F0E080, marking material BulletMaterial as finished
[2017.05.18-12.35.41:026][183]LogTemp:Display: Marking material as finished 0x000001B53E9CF880
[2017.05.18-12.35.41:043][184]MaterialEditorStats: Info Base pass shader with only dynamic lighting: 80 instructions
[2017.05.18-12.35.41:043][184]MaterialEditorStats: Info Vertex shader: 29 instructions
[2017.05.18-12.35.41:043][184]MaterialEditorStats: Info Texture samplers: 1/16
[2017.05.18-12.35.43:155][404]LogMaterial: Missing cached shader map for material BulletMaterial, compiling. 
[2017.05.18-12.35.43:156][404]LogTemp:Display: Added material ShaderMap 0x000001B4DD30FC80 with Material 0x000001B53E9CF880 to ShaderMapsBeingCompiled
[2017.05.18-12.35.43:177][404]LogTemp:Display: Kicking off shader compilation for BulletMaterial, GameThreadShaderMap 0x000001B4DD30FC80
[2017.05.18-12.35.43:180][404]LogMaterial: Missing cached shader map for material BulletMaterial, compiling. 
[2017.05.18-12.35.43:181][404]LogTemp:Display: Added material ShaderMap 0x000001B51C536400 with Material 0x000001B53E9CF880 to ShaderMapsBeingCompiled
[2017.05.18-12.35.43:193][404]LogTemp:Display: Kicking off shader compilation for BulletMaterial, GameThreadShaderMap 0x000001B51C536400
[2017.05.18-12.35.43:193][404]LogMaterial: 0.00 seconds spent updating 1 materials, 1 interfaces, 0 instances, 0 with static permutations.
[2017.05.18-12.35.46:994][761]LogMaterial: Missing cached shader map for material BulletMaterial, compiling. 
[2017.05.18-12.35.46:994][761]LogTemp:Display: Added material ShaderMap 0x000001B539FAE080 with Material 0x000001B53E9CF880 to ShaderMapsBeingCompiled
[2017.05.18-12.35.47:000][761]LogTemp:Display: Kicking off shader compilation for BulletMaterial, GameThreadShaderMap 0x000001B539FAE080
[2017.05.18-12.35.47:011][761]LogMaterial: Missing cached shader map for material BulletMaterial, compiling. 
[2017.05.18-12.35.47:012][761]LogTemp:Display: Added material ShaderMap 0x000001B5274FB580 with Material 0x000001B53E9CF880 to ShaderMapsBeingCompiled
[2017.05.18-12.35.47:018][761]LogTemp:Display: Kicking off shader compilation for BulletMaterial, GameThreadShaderMap 0x000001B5274FB580
[2017.05.18-12.35.47:018][761]LogMaterial: 0.00 seconds spent updating 1 materials, 1 interfaces, 0 instances, 0 with static permutations.
[2017.05.18-12.35.47:513][802]LogTemp:Display: Finished compile of shader map 0x000001B51C536400
[2017.05.18-12.35.47:513][802]LogTemp:Display: Shader map BulletMaterial complete, GameThreadShaderMap 0x000001B51C536400, marking material BulletMaterial as finished
[2017.05.18-12.35.47:513][802]LogTemp:Display: Marking material as finished 0x000001B53E9CF880
[2017.05.18-12.35.48:541][901]LogTemp:Display: Finished compile of shader map 0x000001B5274FB580
[2017.05.18-12.35.48:541][901]LogTemp:Display: Shader map BulletMaterial complete, GameThreadShaderMap 0x000001B5274FB580, marking material BulletMaterial as finished
[2017.05.18-12.35.48:541][901]LogTemp:Display: Marking material as finished 0x000001B53E9CF880
[2017.05.18-12.35.48:551][902]MaterialEditorStats: Info Base pass shader without light map: 24 instructions
[2017.05.18-12.35.48:551][902]MaterialEditorStats: Info Vertex shader: 81 instructions
[2017.05.18-12.35.48:551][902]MaterialEditorStats: Info Texture samplers: 3/16
[2017.05.18-12.35.49:141][966]LogMaterial: Missing cached shader map for material BulletMaterial, compiling. 
[2017.05.18-12.35.49:142][966]LogTemp:Display: Added material ShaderMap 0x000001B539BAD980 with Material 0x000001B53E9CF880 to ShaderMapsBeingCompiled
[2017.05.18-12.35.49:147][966]LogTemp:Display: Kicking off shader compilation for BulletMaterial, GameThreadShaderMap 0x000001B539BAD980
[2017.05.18-12.35.49:147][966]LogMaterial: 0.00 seconds spent updating 1 materials, 1 interfaces, 0 instances, 0 with static permutations.
[2017.05.18-12.35.49:148][966]LogMaterial: Missing cached shader map for material FMatExpressionPreview MaterialExpressionConstant3Vector_0, compiling. 
[2017.05.18-12.35.49:149][966]LogTemp:Display: Added material ShaderMap 0x000001B53CBEB900 with Material 0x000001B53848A800 to ShaderMapsBeingCompiled
[2017.05.18-12.35.49:151][966]LogTemp:Display: Kicking off shader compilation for FMatExpressionPreview MaterialExpressionConstant3Vector_0, GameThreadShaderMap 0x000001B53CBEB900
[2017.05.18-12.35.50:465][ 92]LogMaterial: Missing cached shader map for material BulletMaterial, compiling. 
[2017.05.18-12.35.50:465][ 92]LogTemp:Display: Added material ShaderMap 0x000001B526D2E780 with Material 0x000001B53E9CF880 to ShaderMapsBeingCompiled
[2017.05.18-12.35.50:470][ 92]LogTemp:Display: Kicking off shader compilation for BulletMaterial, GameThreadShaderMap 0x000001B526D2E780
[2017.05.18-12.35.50:470][ 92]LogMaterial: 0.00 seconds spent updating 1 materials, 1 interfaces, 0 instances, 0 with static permutations.
[2017.05.18-12.35.50:474][ 92]LogTemp:Display: Removed shader map 0x000001B53CBEB900 from material 0x000001B53848A800
[2017.05.18-12.35.50:497][ 92]LogMaterial: Missing cached shader map for material FMatExpressionPreview MaterialExpressionConstant3Vector_0, compiling. 
[2017.05.18-12.35.50:497][ 92]LogTemp:Display: Added material ShaderMap 0x000001B51C2DE080 with Material 0x000001B53848A800 to ShaderMapsBeingCompiled
[2017.05.18-12.35.50:499][ 92]LogTemp:Display: Kicking off shader compilation for FMatExpressionPreview MaterialExpressionConstant3Vector_0, GameThreadShaderMap 0x000001B51C2DE080
[2017.05.18-12.35.50:829][125]LogTemp:Display: Finished compile of shader map 0x000001B53CBEB900
[2017.05.18-12.35.51:026][145]LogTemp:Display: Finished compile of shader map 0x000001B539BAD980
[2017.05.18-12.35.51:026][145]LogTemp:Display: Shader map BulletMaterial complete, GameThreadShaderMap 0x000001B539BAD980, marking material BulletMaterial as finished
[2017.05.18-12.35.51:026][145]LogTemp:Display: Marking material as finished 0x000001B53E9CF880
[2017.05.18-12.35.52:189][261]LogTemp:Display: Finished compile of shader map 0x000001B51C2DE080
[2017.05.18-12.35.52:189][261]LogTemp:Display: Shader map FMatExpressionPreview MaterialExpressionConstant3Vector_0 complete, GameThreadShaderMap 0x000001B51C2DE080, marking material FMatExpressionPreview MaterialExpressionConstant3Vector_0 as finished
[2017.05.18-12.35.52:189][261]LogTemp:Display: Marking material as finished 0x000001B53848A800
[2017.05.18-12.35.52:388][271]LogTemp:Display: Finished compile of shader map 0x000001B526D2E780
[2017.05.18-12.35.52:388][271]LogTemp:Display: Shader map BulletMaterial complete, GameThreadShaderMap 0x000001B526D2E780, marking material BulletMaterial as finished
[2017.05.18-12.35.52:388][271]LogTemp:Display: Marking material as finished 0x000001B53E9CF880
[2017.05.18-12.35.52:399][272]MaterialEditorStats: Info Base pass shader without light map: 24 instructions
[2017.05.18-12.35.52:399][272]MaterialEditorStats: Info Vertex shader: 81 instructions
[2017.05.18-12.35.52:399][272]MaterialEditorStats: Info Texture samplers: 3/16
[2017.05.18-12.35.55:046][536]LogMaterial: Missing cached shader map for material BulletMaterial, compiling. 
[2017.05.18-12.35.55:047][536]LogTemp:Display: Added material ShaderMap 0x000001B538473C80 with Material 0x000001B53E9CF880 to ShaderMapsBeingCompiled
[2017.05.18-12.35.55:052][536]LogTemp:Display: Kicking off shader compilation for BulletMaterial, GameThreadShaderMap 0x000001B538473C80
[2017.05.18-12.35.55:052][536]LogMaterial: 0.00 seconds spent updating 1 materials, 1 interfaces, 0 instances, 0 with static permutations.
[2017.05.18-12.35.55:054][536]LogMaterial: Missing cached shader map for material BulletMaterial, compiling. 
[2017.05.18-12.35.55:054][536]LogTemp:Display: Added material ShaderMap 0x000001B526D2E780 with Material 0x000001B53E9CF880 to ShaderMapsBeingCompiled
[2017.05.18-12.35.55:060][536]LogTemp:Display: Kicking off shader compilation for BulletMaterial, GameThreadShaderMap 0x000001B526D2E780
[2017.05.18-12.35.55:060][536]LogMaterial: 0.00 seconds spent updating 1 materials, 1 interfaces, 0 instances, 0 with static permutations.
[2017.05.18-12.35.55:090][536]LogMaterial: Missing cached shader map for material FMatExpressionPreview MaterialExpressionConstant3Vector_0, compiling. 
[2017.05.18-12.35.55:091][536]LogTemp:Display: Added material ShaderMap 0x000001B53D10EE80 with Material 0x000001B537EE2500 to ShaderMapsBeingCompiled
[2017.05.18-12.35.55:093][536]LogTemp:Display: Kicking off shader compilation for FMatExpressionPreview MaterialExpressionConstant3Vector_0, GameThreadShaderMap 0x000001B53D10EE80
[2017.05.18-12.35.56:372][657]LogTemp:Display: Finished compile of shader map 0x000001B53D10EE80
[2017.05.18-12.35.56:372][657]LogTemp:Display: Shader map FMatExpressionPreview MaterialExpressionConstant3Vector_0 complete, GameThreadShaderMap 0x000001B53D10EE80, marking material FMatExpressionPreview MaterialExpressionConstant3Vector_0 as finished
[2017.05.18-12.35.56:372][657]LogTemp:Display: Marking material as finished 0x000001B537EE2500
[2017.05.18-12.35.56:771][695]LogTemp:Display: Finished compile of shader map 0x000001B526D2E780
[2017.05.18-12.35.56:771][695]LogTemp:Display: Shader map BulletMaterial complete, GameThreadShaderMap 0x000001B526D2E780, marking material BulletMaterial as finished
[2017.05.18-12.35.56:771][695]LogTemp:Display: Marking material as finished 0x000001B53E9CF880
[2017.05.18-12.35.56:782][696]MaterialEditorStats: Info Base pass shader without light map: 24 instructions
[2017.05.18-12.35.56:782][696]MaterialEditorStats: Info Vertex shader: 81 instructions
[2017.05.18-12.35.56:782][696]MaterialEditorStats: Info Texture samplers: 3/16
[2017.05.18-12.35.57:148][738]LogMaterial: Missing cached shader map for material BulletMaterial, compiling. 
[2017.05.18-12.35.57:149][738]LogTemp:Display: Added material ShaderMap 0x000001B53D10C800 with Material 0x000001B53E9CF880 to ShaderMapsBeingCompiled
[2017.05.18-12.35.57:154][738]LogTemp:Display: Kicking off shader compilation for BulletMaterial, GameThreadShaderMap 0x000001B53D10C800
[2017.05.18-12.35.57:154][738]LogMaterial: 0.00 seconds spent updating 1 materials, 1 interfaces, 0 instances, 0 with static permutations.
[2017.05.18-12.35.58:581][876]LogTemp:Display: Finished compile of shader map 0x000001B53D10C800
[2017.05.18-12.35.58:581][876]LogTemp:Display: Shader map BulletMaterial complete, GameThreadShaderMap 0x000001B53D10C800, marking material BulletMaterial as finished
[2017.05.18-12.35.58:581][876]LogTemp:Display: Marking material as finished 0x000001B53E9CF880
[2017.05.18-12.35.58:634][877]MaterialEditorStats: Info Base pass shader without light map: 24 instructions
[2017.05.18-12.35.58:634][877]MaterialEditorStats: Info Vertex shader: 81 instructions
[2017.05.18-12.35.58:634][877]MaterialEditorStats: Info Texture samplers: 3/16
[2017.05.18-12.35.59:445][959]LogMaterial: Missing cached shader map for material BulletMaterial, compiling. 
[2017.05.18-12.35.59:445][959]LogTemp:Display: Added material ShaderMap 0x000001B538438100 with Material 0x000001B53E9CF880 to ShaderMapsBeingCompiled
[2017.05.18-12.35.59:450][959]LogTemp:Display: Kicking off shader compilation for BulletMaterial, GameThreadShaderMap 0x000001B538438100
[2017.05.18-12.35.59:451][959]LogMaterial: 0.00 seconds spent updating 1 materials, 1 interfaces, 0 instances, 0 with static permutations.
[2017.05.18-12.36.00:610][ 68]LogMaterial: Missing cached shader map for material BulletMaterial, compiling. 
[2017.05.18-12.36.00:611][ 68]LogTemp:Display: Added material ShaderMap 0x000001B53CBEB200 with Material 0x000001B53E9CF880 to ShaderMapsBeingCompiled
[2017.05.18-12.36.00:617][ 68]LogTemp:Display: Kicking off shader compilation for BulletMaterial, GameThreadShaderMap 0x000001B53CBEB200
[2017.05.18-12.36.00:617][ 68]LogMaterial: 0.00 seconds spent updating 1 materials, 1 interfaces, 0 instances, 0 with static permutations.
[2017.05.18-12.36.01:495][154]LogTemp:Display: Finished compile of shader map 0x000001B538438100
[2017.05.18-12.36.01:495][154]LogTemp:Display: Shader map BulletMaterial complete, GameThreadShaderMap 0x000001B538438100, marking material BulletMaterial as finished
[2017.05.18-12.36.01:495][154]LogTemp:Display: Marking material as finished 0x000001B53E9CF880
[2017.05.18-12.36.02:486][244]LogTemp:Display: Finished compile of shader map 0x000001B53CBEB200
[2017.05.18-12.36.02:486][244]LogTemp:Display: Shader map BulletMaterial complete, GameThreadShaderMap 0x000001B53CBEB200, marking material BulletMaterial as finished
[2017.05.18-12.36.02:486][244]LogTemp:Display: Marking material as finished 0x000001B53E9CF880
[2017.05.18-12.36.02:496][245]MaterialEditorStats: Info Base pass shader without light map: 24 instructions
[2017.05.18-12.36.02:496][245]MaterialEditorStats: Info Vertex shader: 81 instructions
[2017.05.18-12.36.02:496][245]MaterialEditorStats: Info Texture samplers: 3/16
[2017.05.18-12.36.02:891][286]LogMaterial: Missing cached shader map for material BulletMaterial, compiling. 
[2017.05.18-12.36.02:891][286]LogTemp:Display: Added material ShaderMap 0x000001B53856C800 with Material 0x000001B53E9CF880 to ShaderMapsBeingCompiled
[2017.05.18-12.36.02:897][286]LogTemp:Display: Kicking off shader compilation for BulletMaterial, GameThreadShaderMap 0x000001B53856C800
[2017.05.18-12.36.02:897][286]LogMaterial: 0.00 seconds spent updating 1 materials, 1 interfaces, 0 instances, 0 with static permutations.
[2017.05.18-12.36.02:925][286]LogMaterial: Missing cached shader map for material FMatExpressionPreview MaterialExpressionConstant3Vector_0, compiling. 
[2017.05.18-12.36.02:926][286]LogTemp:Display: Added material ShaderMap 0x000001B539C16B00 with Material 0x000001B4DE0FEE00 to ShaderMapsBeingCompiled
[2017.05.18-12.36.02:928][286]LogTemp:Display: Kicking off shader compilation for FMatExpressionPreview MaterialExpressionConstant3Vector_0, GameThreadShaderMap 0x000001B539C16B00
[2017.05.18-12.36.03:543][343]LogMaterial: Missing cached shader map for material BulletMaterial, compiling. 
[2017.05.18-12.36.03:544][343]LogTemp:Display: Added material ShaderMap 0x000001B539BA4100 with Material 0x000001B53E9CF880 to ShaderMapsBeingCompiled
[2017.05.18-12.36.03:549][343]LogTemp:Display: Kicking off shader compilation for BulletMaterial, GameThreadShaderMap 0x000001B539BA4100
[2017.05.18-12.36.03:549][343]LogMaterial: 0.00 seconds spent updating 1 materials, 1 interfaces, 0 instances, 0 with static permutations.
[2017.05.18-12.36.03:553][343]LogTemp:Display: Removed shader map 0x000001B539C16B00 from material 0x000001B4DE0FEE00
[2017.05.18-12.36.03:576][343]LogMaterial: Missing cached shader map for material FMatExpressionPreview MaterialExpressionConstant3Vector_0, compiling. 
[2017.05.18-12.36.03:577][343]LogTemp:Display: Added material ShaderMap 0x000001B542727580 with Material 0x000001B527580100 to ShaderMapsBeingCompiled
[2017.05.18-12.36.03:579][343]LogTemp:Display: Kicking off shader compilation for FMatExpressionPreview MaterialExpressionConstant3Vector_0, GameThreadShaderMap 0x000001B542727580
[2017.05.18-12.36.04:868][465]LogTemp:Display: Finished compile of shader map 0x000001B53856C800
[2017.05.18-12.36.04:868][465]LogTemp:Display: Shader map BulletMaterial complete, GameThreadShaderMap 0x000001B53856C800, marking material BulletMaterial as finished
[2017.05.18-12.36.04:868][465]LogTemp:Display: Marking material as finished 0x000001B53E9CF880
[2017.05.18-12.36.05:446][521]LogTemp:Display: Finished compile of shader map 0x000001B542727580
[2017.05.18-12.36.05:446][521]LogTemp:Display: Shader map FMatExpressionPreview MaterialExpressionConstant3Vector_0 complete, GameThreadShaderMap 0x000001B542727580, marking material FMatExpressionPreview MaterialExpressionConstant3Vector_0 as finished
[2017.05.18-12.36.05:446][521]LogTemp:Display: Marking material as finished 0x000001B527580100
[2017.05.18-12.36.05:534][527]LogMaterial: Missing cached shader map for material BulletMaterial, compiling. 
[2017.05.18-12.36.05:534][527]LogTemp:Display: Added material ShaderMap 0x000001B53856CB80 with Material 0x000001B53E9CF880 to ShaderMapsBeingCompiled
[2017.05.18-12.36.05:539][527]LogTemp:Display: Kicking off shader compilation for BulletMaterial, GameThreadShaderMap 0x000001B53856CB80
[2017.05.18-12.36.05:540][527]LogMaterial: 0.00 seconds spent updating 1 materials, 1 interfaces, 0 instances, 0 with static permutations.
[2017.05.18-12.36.05:817][554]LogTemp:Display: Finished compile of shader map 0x000001B539BA4100
[2017.05.18-12.36.05:817][554]LogTemp:Display: Shader map BulletMaterial complete, GameThreadShaderMap 0x000001B539BA4100, marking material BulletMaterial as finished
[2017.05.18-12.36.05:817][554]LogTemp:Display: Marking material as finished 0x000001B53E9CF880
[2017.05.18-12.36.07:070][680]LogTemp:Display: Finished compile of shader map 0x000001B53856CB80
[2017.05.18-12.36.07:070][680]LogTemp:Display: Shader map BulletMaterial complete, GameThreadShaderMap 0x000001B53856CB80, marking material BulletMaterial as finished
[2017.05.18-12.36.07:070][680]LogTemp:Display: Marking material as finished 0x000001B53E9CF880
[2017.05.18-12.36.07:080][681]MaterialEditorStats: Info Base pass shader without light map: 24 instructions
[2017.05.18-12.36.07:080][681]MaterialEditorStats: Info Vertex shader: 81 instructions
[2017.05.18-12.36.07:080][681]MaterialEditorStats: Info Texture samplers: 3/16
[2017.05.18-12.36.07:421][720]LogMaterial: Missing cached shader map for material BulletMaterial, compiling. 
[2017.05.18-12.36.07:421][720]LogTemp:Display: Added material ShaderMap 0x000001B542726E80 with Material 0x000001B53E9CF880 to ShaderMapsBeingCompiled
[2017.05.18-12.36.07:427][720]LogTemp:Display: Kicking off shader compilation for BulletMaterial, GameThreadShaderMap 0x000001B542726E80
[2017.05.18-12.36.07:427][720]LogMaterial: 0.00 seconds spent updating 1 materials, 1 interfaces, 0 instances, 0 with static permutations.
[2017.05.18-12.36.08:696][845]LogMaterialEditor: Saving and Compiling material BulletMaterial
[2017.05.18-12.36.09:307][845]LogMaterial: Missing cached shader map for material BulletMaterial, compiling. 
[2017.05.18-12.36.09:308][845]LogTemp:Display: Added material ShaderMap 0x000001B53856CF00 with Material 0x000001B53E9CF880 to ShaderMapsBeingCompiled
[2017.05.18-12.36.09:319][845]LogTemp:Display: Kicking off shader compilation for BulletMaterial, GameThreadShaderMap 0x000001B53856CF00
[2017.05.18-12.36.09:319][845]LogMaterial: 0.00 seconds spent updating 1 materials, 1 interfaces, 0 instances, 0 with static permutations.
[2017.05.18-12.36.09:353][845]LogMaterial: Missing cached shader map for material BulletMaterial, compiling. 
[2017.05.18-12.36.09:353][845]LogTemp:Display: Added material ShaderMap 0x000001B51C4CBC80 with Material 0x000001B4D443B880 to ShaderMapsBeingCompiled
[2017.05.18-12.36.09:362][845]LogTemp:Display: Kicking off shader compilation for BulletMaterial, GameThreadShaderMap 0x000001B51C4CBC80
[2017.05.18-12.36.09:363][845]LogMaterial: Missing cached shader map for material BulletMaterial, compiling. 
[2017.05.18-12.36.09:364][845]LogTemp:Display: Added material ShaderMap 0x000001B53856C480 with Material 0x000001B4D443B880 to ShaderMapsBeingCompiled
[2017.05.18-12.36.09:370][845]LogTemp:Display: Kicking off shader compilation for BulletMaterial, GameThreadShaderMap 0x000001B53856C480
[2017.05.18-12.36.09:371][845]LogMaterial: 0.00 seconds spent updating 1 materials, 1 interfaces, 0 instances, 0 with static permutations.
[2017.05.18-12.36.09:387][845]LogMaterial: Missing cached shader map for material FDebugViewModeMaterialProxy BulletMaterial, compiling. 
[2017.05.18-12.36.09:388][845]LogTemp:Display: Added material ShaderMap 0x000001B53D10EE80 with Material 0x000001B53848B700 to ShaderMapsBeingCompiled
[2017.05.18-12.36.09:732][845]LogTemp:Display: Finished compile of shader map 0x000001B53D10EE80
[2017.05.18-12.36.09:732][845]LogTemp:Display: Shader map FDebugViewModeMaterialProxy BulletMaterial complete, GameThreadShaderMap 0x000001B53D10EE80, marking material FDebugViewModeMaterialProxy BulletMaterial as finished
[2017.05.18-12.36.09:732][845]LogTemp:Display: Marking material as finished 0x000001B53848B700
[2017.05.18-12.36.09:734][845]TextureStreamingBuild:Display: Compiling optional shaders took 0.351 seconds.
[2017.05.18-12.36.10:793][845]LogTemp:Display: Finished compile of shader map 0x000001B53856C480
[2017.05.18-12.36.10:793][845]LogTemp:Display: Shader map BulletMaterial complete, GameThreadShaderMap 0x000001B53856C480, marking material BulletMaterial as finished
[2017.05.18-12.36.10:793][845]LogTemp:Display: Marking material as finished 0x000001B4D443B880
[2017.05.18-12.36.10:799][845]LogTemp:Display: Finished compile of shader map 0x000001B53856CF00
[2017.05.18-12.36.10:799][845]LogTemp:Display: Shader map BulletMaterial complete, GameThreadShaderMap 0x000001B53856CF00, marking material BulletMaterial as finished
[2017.05.18-12.36.10:799][845]LogTemp:Display: Marking material as finished 0x000001B53E9CF880
[2017.05.18-12.36.10:801][845]LogTemp:Display: Finished compile of shader map 0x000001B542726E80
[2017.05.18-12.36.10:801][845]LogTemp:Display: Shader map BulletMaterial complete, GameThreadShaderMap 0x000001B542726E80, marking material BulletMaterial as finished
[2017.05.18-12.36.10:801][845]LogTemp:Display: Marking material as finished 0x000001B53E9CF880
[2017.05.18-12.36.10:840][845]Cmd: OBJ SAVEPACKAGE PACKAGE="/Game/Gun/BulletMaterial" FILE="D:/2017GameEngine/TakeHomeExam/Content/Gun/BulletMaterial.uasset" SILENT=true
[2017.05.18-12.36.10:849][845]LogSavePackage: Save=7.93ms
[2017.05.18-12.36.10:849][845]LogSavePackage: Moving 'D:/2017GameEngine/TakeHomeExam/Saved/BulletMaterialC1F55B9D4C9472404C7B9692EDCD7FD2.tmp' to 'D:/2017GameEngine/TakeHomeExam/Content/Gun/BulletMaterial.uasset'
[2017.05.18-12.36.10:852][845]LogSavePackage:Display: Finished SavePackage D:/2017GameEngine/TakeHomeExam/Content/Gun/BulletMaterial.uasset
[2017.05.18-12.36.10:856][845]MaterialEditorStats: Info Base pass shader without light map: 24 instructions
[2017.05.18-12.36.10:856][845]MaterialEditorStats: Info Vertex shader: 81 instructions
[2017.05.18-12.36.10:856][845]MaterialEditorStats: Info Texture samplers: 3/16
[2017.05.18-12.36.16:655][365]LogSavePackage: Save=2.77ms
[2017.05.18-12.36.16:655][365]LogSavePackage: Moving 'D:/2017GameEngine/TakeHomeExam/Saved/UE4_Mannequin_SkeletonA11B84B94C7F914B83EC15B28A2B7B0B.tmp' to 'D:/2017GameEngine/TakeHomeExam/Content/AnimationAssets/UE4_Mannequin/Mesh/UE4_Mannequin_Skeleton.uasset'
[2017.05.18-12.36.16:657][365]LogSavePackage:Display: Finished SavePackage D:/2017GameEngine/TakeHomeExam/Content/AnimationAssets/UE4_Mannequin/Mesh/UE4_Mannequin_Skeleton.uasset
[2017.05.18-12.36.16:671][365]Cmd: OBJ SAVEPACKAGE PACKAGE="/Game/Gun/BulletBP" FILE="D:/2017GameEngine/TakeHomeExam/Content/Gun/BulletBP.uasset" SILENT=true
[2017.05.18-12.36.16:691][365]LogSavePackage: Save=16.62ms
[2017.05.18-12.36.16:691][365]LogSavePackage: Moving 'D:/2017GameEngine/TakeHomeExam/Saved/BulletBP55CFA9E04DC545BE6959EC8D235FEE73.tmp' to 'D:/2017GameEngine/TakeHomeExam/Content/Gun/BulletBP.uasset'
[2017.05.18-12.36.16:693][365]LogSavePackage:Display: Finished SavePackage D:/2017GameEngine/TakeHomeExam/Content/Gun/BulletBP.uasset
[2017.05.18-12.36.17:576][456]BlueprintLog: New page: Compile BulletBP
[2017.05.18-12.37.18:011][ 36]LogSlate:Warning: Prevented a slow task dialog from being summoned while a context menu was open
[2017.05.18-12.37.41:653][749]LogSlate: Took 0.000350 seconds to synchronously load lazily loaded font '../../../Engine/Content/Editor/Slate/Fonts/Roboto-BoldCondensedItalic.ttf' (160K)
[2017.05.18-12.39.58:433][553]BlueprintLog: New page: Compile HeroBP
[2017.05.18-12.39.59:187][588]Cmd: OBJ SAVEPACKAGE PACKAGE="/Game/Hero/HeroBP" FILE="D:/2017GameEngine/TakeHomeExam/Content/Hero/HeroBP.uasset" SILENT=true
[2017.05.18-12.39.59:228][588]LogSavePackage: Save=36.82ms
[2017.05.18-12.39.59:228][588]LogSavePackage: Moving 'D:/2017GameEngine/TakeHomeExam/Saved/HeroBP0555E3CE4A6DC81C5ADA7BB59273DE9E.tmp' to 'D:/2017GameEngine/TakeHomeExam/Content/Hero/HeroBP.uasset'
[2017.05.18-12.39.59:229][588]LogSavePackage:Display: Finished SavePackage D:/2017GameEngine/TakeHomeExam/Content/Hero/HeroBP.uasset
[2017.05.18-12.40.03:189][723]LogTemp: Repeting last play command: Selected Viewport
[2017.05.18-12.40.03:197][723]LogPlayLevel: PlayLevel: No blueprints needed recompiling
[2017.05.18-12.40.03:197][723]PIE: New page: PIE session: testlevel (May 19, 2017, 6:40:03 AM)
[2017.05.18-12.40.03:197][723]LogPlayLevel: Creating play world package: /Game/Levels/UEDPIE_0_testlevel
[2017.05.18-12.40.03:198][723]LogPlayLevel: PIE: StaticDuplicateObject took: (0.001669s)
[2017.05.18-12.40.03:199][723]LogAIModule: Creating AISystem for world testlevel
[2017.05.18-12.40.03:200][723]LogPlayLevel: PIE: World Init took: (0.001246s)
[2017.05.18-12.40.03:200][723]LogPlayLevel: PIE: Created PIE world by copying editor world from /Game/Levels/testlevel.testlevel to /Game/Levels/UEDPIE_0_testlevel.testlevel (0.003138s)
[2017.05.18-12.40.03:217][723]LogInit: XAudio2 using '스피커(Realtek High Definition Audio)' : 2 channels at 48 kHz using 32 bits per sample (channel mask 0x3)
[2017.05.18-12.40.03:231][723]LogInit: FAudioDevice initialized.
[2017.05.18-12.40.03:261][723]LogLoad: Game class is 'ShooterGameMode_C'
[2017.05.18-12.40.03:263][723]LogWorld: Bringing World /Game/Levels/UEDPIE_0_testlevel.testlevel up for play (max tick rate 0) at 2017.05.18-21.40.03
[2017.05.18-12.40.03:263][723]LogWorld: Bringing up level for play took: 0.000733
[2017.05.18-12.40.03:265][723]PIE: Info Play in editor start time for /Game/Levels/UEDPIE_0_testlevel -0.77
[2017.05.18-12.40.07:382][200]LogActorComponent: RegisterComponentWithWorld: (/Engine/Transient.World_28:PersistentLevel.Actor_3.DebugSkelMeshComponent_6) Already registered. Aborting.
[2017.05.18-12.40.07:604][200]LogSkeletalMesh: USkeletalMeshComponent::InitArticulated : Bodies already created (/Engine/Transient.World_28:PersistentLevel.Actor_3.DebugSkelMeshComponent_6) - call TermArticulated first.
[2017.05.18-12.40.10:463][430]LogActorComponent: RegisterComponentWithWorld: (/Engine/Transient.World_30:PersistentLevel.Actor_4.DebugSkelMeshComponent_8) Already registered. Aborting.
[2017.05.18-12.40.10:495][430]LogSkeletalMesh: USkeletalMeshComponent::InitArticulated : Bodies already created (/Engine/Transient.World_30:PersistentLevel.Actor_4.DebugSkelMeshComponent_8) - call TermArticulated first.
[2017.05.18-12.40.15:649][869]LogActorComponent: RegisterComponentWithWorld: (/Engine/Transient.World_34:PersistentLevel.Actor_5.DebugSkelMeshComponent_11) Already registered. Aborting.
[2017.05.18-12.40.15:869][869]LogSkeletalMesh: USkeletalMeshComponent::InitArticulated : Bodies already created (/Engine/Transient.World_34:PersistentLevel.Actor_5.DebugSkelMeshComponent_11) - call TermArticulated first.
[2017.05.18-12.40.17:345][985]LogActorComponent: RegisterComponentWithWorld: (/Engine/Transient.World_36:PersistentLevel.Actor_6.DebugSkelMeshComponent_13) Already registered. Aborting.
[2017.05.18-12.40.17:377][985]LogSkeletalMesh: USkeletalMeshComponent::InitArticulated : Bodies already created (/Engine/Transient.World_36:PersistentLevel.Actor_6.DebugSkelMeshComponent_13) - call TermArticulated first.
[2017.05.18-12.40.19:230][ 96]LogActorComponent: RegisterComponentWithWorld: (/Engine/Transient.World_39:PersistentLevel.Actor_7.DebugSkelMeshComponent_16) Already registered. Aborting.
[2017.05.18-12.40.19:271][ 96]LogSkeletalMesh: USkeletalMeshComponent::InitArticulated : Bodies already created (/Engine/Transient.World_39:PersistentLevel.Actor_7.DebugSkelMeshComponent_16) - call TermArticulated first.
[2017.05.18-12.40.38:942][772]Cmd: OBJ SAVEPACKAGE PACKAGE="/Game/Hero/HeroLocomo" FILE="D:/2017GameEngine/TakeHomeExam/Content/Hero/HeroLocomo.uasset" SILENT=true
[2017.05.18-12.40.38:949][772]LogSavePackage: Save=3.86ms
[2017.05.18-12.40.38:949][772]LogSavePackage: Moving 'D:/2017GameEngine/TakeHomeExam/Saved/HeroLocomo87093ECC4291501F8CADD69FAFFB2BB3.tmp' to 'D:/2017GameEngine/TakeHomeExam/Content/Hero/HeroLocomo.uasset'
[2017.05.18-12.40.38:950][772]LogSavePackage:Display: Finished SavePackage D:/2017GameEngine/TakeHomeExam/Content/Hero/HeroLocomo.uasset
[2017.05.18-12.40.40:464][897]LogTemp: Repeting last play command: Selected Viewport
[2017.05.18-12.40.40:472][897]LogPlayLevel: PlayLevel: No blueprints needed recompiling
[2017.05.18-12.40.40:472][897]PIE: New page: PIE session: testlevel (May 19, 2017, 6:40:40 AM)
[2017.05.18-12.40.40:472][897]LogPlayLevel: Creating play world package: /Game/Levels/UEDPIE_0_testlevel
[2017.05.18-12.40.40:473][897]LogPlayLevel: PIE: StaticDuplicateObject took: (0.001573s)
[2017.05.18-12.40.40:475][897]LogAIModule: Creating AISystem for world testlevel
[2017.05.18-12.40.40:476][897]LogPlayLevel: PIE: World Init took: (0.001601s)
[2017.05.18-12.40.40:476][897]LogPlayLevel: PIE: Created PIE world by copying editor world from /Game/Levels/testlevel.testlevel to /Game/Levels/UEDPIE_0_testlevel.testlevel (0.003374s)
[2017.05.18-12.40.40:498][897]LogInit: XAudio2 using '스피커(Realtek High Definition Audio)' : 2 channels at 48 kHz using 32 bits per sample (channel mask 0x3)
[2017.05.18-12.40.40:511][897]LogInit: FAudioDevice initialized.
[2017.05.18-12.40.40:542][897]LogLoad: Game class is 'ShooterGameMode_C'
[2017.05.18-12.40.40:544][897]LogWorld: Bringing World /Game/Levels/UEDPIE_0_testlevel.testlevel up for play (max tick rate 0) at 2017.05.18-21.40.40
[2017.05.18-12.40.40:544][897]LogWorld: Bringing up level for play took: 0.000827
[2017.05.18-12.40.40:546][897]PIE: Info Play in editor start time for /Game/Levels/UEDPIE_0_testlevel 0.511
